<?xml version="1.0" encoding="UTF-8"?>
<testsuites name="VerifyElements" time="33.351" tests="2" failures="2" errors="0">
   <testsuite name="VerifyElements" tests="2" failures="2" errors="0" time="33.351" skipped="0" timestamp="2023-10-10 15:33:29" hostname="aamirzadehasl - USLMAAAMIRZADE1.us.deloitte.com" id="Test Suites/VerifyElements">
      <properties>
         <property name="deviceName" value=""/>
         <property name="devicePlatform" value=""/>
         <property name="logFolder" value="C:\\Users\\aamirzadehasl\\git\\tutorialKatolon2\\Reports\\20231010_153326\\VerifyElements\\20231010_153326"/>
         <property name="logFiles" value="C:\\Users\\aamirzadehasl\\git\\tutorialKatolon2\\Reports\\20231010_153326\\VerifyElements\\20231010_153326\\execution0.log"/>
         <property name="attachments" value=""/>
         <property name="hostName" value="aamirzadehasl - USLMAAAMIRZADE1.us.deloitte.com"/>
         <property name="os" value="Windows 10 64bit"/>
         <property name="katalonVersion" value="8.6.8.208"/>
         <property name="browser" value="Chrome 117.0.0.0"/>
         <property name="hostAddress" value="10.0.0.113"/>
         <property name="sessionId" value="1417e696905feac4788e1406f48bd7da"/>
         <property name="seleniumVersion" value="3.141.59"/>
         <property name="proxyInformation" value="ProxyInformation { proxyOption=NO_PROXY, proxyServerType=HTTP, username=, password=********, proxyServerAddress=, proxyServerPort=0, executionList=&quot;&quot;, isApplyToDesiredCapabilities=true }"/>
         <property name="platform" value="Windows 10"/>
      </properties>
      <testcase name="Test Cases/VerifyHomePagePresent" time="3.807" classname="Test Cases/VerifyHomePagePresent" status="FAILED">
         <failure type="FAILED" message="Test Cases/VerifyHomePagePresent FAILED.
Reason:
com.kms.katalon.core.exception.StepFailedException: Cannot take screenshot
	at com.kms.katalon.core.webui.keyword.internal.WebUIKeywordMain.stepFailed(WebUIKeywordMain.groovy:64)
	at com.kms.katalon.core.webui.keyword.internal.WebUIKeywordMain.runKeyword(WebUIKeywordMain.groovy:26)
	at com.kms.katalon.core.webui.keyword.builtin.TakeAreaScreenshotKeyword.takeScreenshot(TakeAreaScreenshotKeyword.groovy:123)
	at com.kms.katalon.core.webui.keyword.builtin.TakeAreaScreenshotKeyword.execute(TakeAreaScreenshotKeyword.groovy:81)
	at com.kms.katalon.core.keyword.internal.KeywordExecutor.executeKeywordForPlatform(KeywordExecutor.groovy:74)
	at com.kms.katalon.core.webui.keyword.WebUiBuiltInKeywords.takeAreaScreenshotAsCheckpoint(WebUiBuiltInKeywords.groovy:4001)
	at com.kms.katalon.core.webui.keyword.WebUiBuiltInKeywords$takeAreaScreenshotAsCheckpoint$2.call(Unknown Source)
	at VerifyHomePagePresent.run(VerifyHomePagePresent:24)
	at com.kms.katalon.core.main.ScriptEngine.run(ScriptEngine.java:194)
	at com.kms.katalon.core.main.ScriptEngine.runScriptAsRawText(ScriptEngine.java:119)
	at com.kms.katalon.core.main.TestCaseExecutor.runScript(TestCaseExecutor.java:448)
	at com.kms.katalon.core.main.TestCaseExecutor.doExecute(TestCaseExecutor.java:439)
	at com.kms.katalon.core.main.TestCaseExecutor.processExecutionPhase(TestCaseExecutor.java:418)
	at com.kms.katalon.core.main.TestCaseExecutor.accessMainPhase(TestCaseExecutor.java:410)
	at com.kms.katalon.core.main.TestCaseExecutor.execute(TestCaseExecutor.java:285)
	at com.kms.katalon.core.main.TestCaseExecutor.execute(TestCaseExecutor.java:369)
	at com.kms.katalon.core.main.TestCaseExecutor.execute(TestCaseExecutor.java:369)
	at com.kms.katalon.core.main.TestCaseExecutor.execute(TestCaseExecutor.java:369)
	at com.kms.katalon.core.common.CommonExecutor.accessTestCaseMainPhase(CommonExecutor.java:65)
	at com.kms.katalon.core.main.TestSuiteExecutor.accessTestSuiteMainPhase(TestSuiteExecutor.java:148)
	at com.kms.katalon.core.main.TestSuiteExecutor.execute(TestSuiteExecutor.java:106)
	at com.kms.katalon.core.main.TestCaseMain.startTestSuite(TestCaseMain.java:187)
	at com.kms.katalon.core.main.TestCaseMain$startTestSuite$0.call(Unknown Source)
	at TempTestSuite1696966406201.run(TempTestSuite1696966406201.groovy:36)
Caused by: java.lang.IllegalArgumentException: Captured area cannot be null
	at com.kms.katalon.core.webui.util.FileUtil.takeAreaScreenshot(FileUtil.java:125)
	at com.kms.katalon.core.webui.keyword.builtin.TakeAreaScreenshotKeyword$_takeScreenshot_closure1.doCall(TakeAreaScreenshotKeyword.groovy:124)
	at com.kms.katalon.core.webui.keyword.builtin.TakeAreaScreenshotKeyword$_takeScreenshot_closure1.call(TakeAreaScreenshotKeyword.groovy)
	at com.kms.katalon.core.webui.keyword.internal.WebUIKeywordMain.runKeyword(WebUIKeywordMain.groovy:20)
	... 22 more
"/>
         <system-out><![CDATA[2023-10-10 15:33:42 - [TEST_CASE][FAILED] - Test Cases/VerifyHomePagePresent: Test Cases/VerifyHomePagePresent FAILED.
Reason:
com.kms.katalon.core.exception.StepFailedException: Cannot take screenshot
	at com.kms.katalon.core.webui.keyword.internal.WebUIKeywordMain.stepFailed(WebUIKeywordMain.groovy:64)
	at com.kms.katalon.core.webui.keyword.internal.WebUIKeywordMain.runKeyword(WebUIKeywordMain.groovy:26)
	at com.kms.katalon.core.webui.keyword.builtin.TakeAreaScreenshotKeyword.takeScreenshot(TakeAreaScreenshotKeyword.groovy:123)
	at com.kms.katalon.core.webui.keyword.builtin.TakeAreaScreenshotKeyword.execute(TakeAreaScreenshotKeyword.groovy:81)
	at com.kms.katalon.core.keyword.internal.KeywordExecutor.executeKeywordForPlatform(KeywordExecutor.groovy:74)
	at com.kms.katalon.core.webui.keyword.WebUiBuiltInKeywords.takeAreaScreenshotAsCheckpoint(WebUiBuiltInKeywords.groovy:4001)
	at com.kms.katalon.core.webui.keyword.WebUiBuiltInKeywords$takeAreaScreenshotAsCheckpoint$2.call(Unknown Source)
	at VerifyHomePagePresent.run(VerifyHomePagePresent:24)
	at com.kms.katalon.core.main.ScriptEngine.run(ScriptEngine.java:194)
	at com.kms.katalon.core.main.ScriptEngine.runScriptAsRawText(ScriptEngine.java:119)
	at com.kms.katalon.core.main.TestCaseExecutor.runScript(TestCaseExecutor.java:448)
	at com.kms.katalon.core.main.TestCaseExecutor.doExecute(TestCaseExecutor.java:439)
	at com.kms.katalon.core.main.TestCaseExecutor.processExecutionPhase(TestCaseExecutor.java:418)
	at com.kms.katalon.core.main.TestCaseExecutor.accessMainPhase(TestCaseExecutor.java:410)
	at com.kms.katalon.core.main.TestCaseExecutor.execute(TestCaseExecutor.java:285)
	at com.kms.katalon.core.main.TestCaseExecutor.execute(TestCaseExecutor.java:369)
	at com.kms.katalon.core.main.TestCaseExecutor.execute(TestCaseExecutor.java:369)
	at com.kms.katalon.core.main.TestCaseExecutor.execute(TestCaseExecutor.java:369)
	at com.kms.katalon.core.common.CommonExecutor.accessTestCaseMainPhase(CommonExecutor.java:65)
	at com.kms.katalon.core.main.TestSuiteExecutor.accessTestSuiteMainPhase(TestSuiteExecutor.java:148)
	at com.kms.katalon.core.main.TestSuiteExecutor.execute(TestSuiteExecutor.java:106)
	at com.kms.katalon.core.main.TestCaseMain.startTestSuite(TestCaseMain.java:187)
	at com.kms.katalon.core.main.TestCaseMain$startTestSuite$0.call(Unknown Source)
	at TempTestSuite1696966406201.run(TempTestSuite1696966406201.groovy:36)
Caused by: java.lang.IllegalArgumentException: Captured area cannot be null
	at com.kms.katalon.core.webui.util.FileUtil.takeAreaScreenshot(FileUtil.java:125)
	at com.kms.katalon.core.webui.keyword.builtin.TakeAreaScreenshotKeyword$_takeScreenshot_closure1.doCall(TakeAreaScreenshotKeyword.groovy:124)
	at com.kms.katalon.core.webui.keyword.builtin.TakeAreaScreenshotKeyword$_takeScreenshot_closure1.call(TakeAreaScreenshotKeyword.groovy)
	at com.kms.katalon.core.webui.keyword.internal.WebUIKeywordMain.runKeyword(WebUIKeywordMain.groovy:20)
	... 22 more


2023-10-10 15:33:43 - [TEST_STEP][PASSED] - callTestCase(findTestCase("OpenToWebsite"), [:], STOP_ON_FAILURE): Call Test Case 'Test Cases/OpenToWebsite' successfully

2023-10-10 15:33:43 - [TEST_CASE][PASSED] - Test Cases/OpenToWebsite: Test Cases/OpenToWebsite

2023-10-10 15:33:43 - [TEST_STEP][PASSED] - openBrowser(""): Browser is opened with url: ''

2023-10-10 15:33:43 - [MESSAGE][WARNING] - A browser is already opened. Closing browser and opening a new one

2023-10-10 15:33:43 - [MESSAGE][INFO] - Starting 'Chrome' driver

2023-10-10 15:33:43 - [MESSAGE][INFO] - Action delay is set to 0 milliseconds

2023-10-10 15:33:45 - [MESSAGE][PASSED] - Browser is opened with url: ''

2023-10-10 15:33:45 - [TEST_STEP][PASSED] - navigateToUrl("http://demoaut.katalon.com/"): Navigate to 'http://demoaut.katalon.com/' successfully

2023-10-10 15:33:46 - [MESSAGE][PASSED] - Navigate to 'http://demoaut.katalon.com/' successfully

2023-10-10 15:33:46 - [MESSAGE][PASSED] - Call Test Case 'Test Cases/OpenToWebsite' successfully

2023-10-10 15:33:46 - [TEST_STEP][PASSED] - waitForPageLoad(0): Wait for page load successfully

2023-10-10 15:33:46 - [MESSAGE][WARNING] - Timeout '0' is invalid. Using default page load timeout: '30'

2023-10-10 15:33:46 - [MESSAGE][PASSED] - Wait for page load successfully

2023-10-10 15:33:46 - [TEST_STEP][FAILED] - takeAreaScreenshotAsCheckpoint("homepage", null): Cannot take screenshot (Root cause: com.kms.katalon.core.exception.StepFailedException: Cannot take screenshot
	at com.kms.katalon.core.webui.keyword.internal.WebUIKeywordMain.stepFailed(WebUIKeywordMain.groovy:64)
	at com.kms.katalon.core.webui.keyword.internal.WebUIKeywordMain.runKeyword(WebUIKeywordMain.groovy:26)
	at com.kms.katalon.core.webui.keyword.builtin.TakeAreaScreenshotKeyword.takeScreenshot(TakeAreaScreenshotKeyword.groovy:123)
	at com.kms.katalon.core.webui.keyword.builtin.TakeAreaScreenshotKeyword.execute(TakeAreaScreenshotKeyword.groovy:81)
	at com.kms.katalon.core.keyword.internal.KeywordExecutor.executeKeywordForPlatform(KeywordExecutor.groovy:74)
	at com.kms.katalon.core.webui.keyword.WebUiBuiltInKeywords.takeAreaScreenshotAsCheckpoint(WebUiBuiltInKeywords.groovy:4001)
	at com.kms.katalon.core.webui.keyword.WebUiBuiltInKeywords$takeAreaScreenshotAsCheckpoint$2.call(Unknown Source)
	at VerifyHomePagePresent.run(VerifyHomePagePresent:24)
	at com.kms.katalon.core.main.ScriptEngine.run(ScriptEngine.java:194)
	at com.kms.katalon.core.main.ScriptEngine.runScriptAsRawText(ScriptEngine.java:119)
	at com.kms.katalon.core.main.TestCaseExecutor.runScript(TestCaseExecutor.java:448)
	at com.kms.katalon.core.main.TestCaseExecutor.doExecute(TestCaseExecutor.java:439)
	at com.kms.katalon.core.main.TestCaseExecutor.processExecutionPhase(TestCaseExecutor.java:418)
	at com.kms.katalon.core.main.TestCaseExecutor.accessMainPhase(TestCaseExecutor.java:410)
	at com.kms.katalon.core.main.TestCaseExecutor.execute(TestCaseExecutor.java:285)
	at com.kms.katalon.core.main.TestCaseExecutor.execute(TestCaseExecutor.java:369)
	at com.kms.katalon.core.main.TestCaseExecutor.execute(TestCaseExecutor.java:369)
	at com.kms.katalon.core.main.TestCaseExecutor.execute(TestCaseExecutor.java:369)
	at com.kms.katalon.core.common.CommonExecutor.accessTestCaseMainPhase(CommonExecutor.java:65)
	at com.kms.katalon.core.main.TestSuiteExecutor.accessTestSuiteMainPhase(TestSuiteExecutor.java:148)
	at com.kms.katalon.core.main.TestSuiteExecutor.execute(TestSuiteExecutor.java:106)
	at com.kms.katalon.core.main.TestCaseMain.startTestSuite(TestCaseMain.java:187)
	at com.kms.katalon.core.main.TestCaseMain$startTestSuite$0.call(Unknown Source)
	at TempTestSuite1696966406201.run(TempTestSuite1696966406201.groovy:36)
Caused by: java.lang.IllegalArgumentException: Captured area cannot be null
	at com.kms.katalon.core.webui.util.FileUtil.takeAreaScreenshot(FileUtil.java:125)
	at com.kms.katalon.core.webui.keyword.builtin.TakeAreaScreenshotKeyword$_takeScreenshot_closure1.doCall(TakeAreaScreenshotKeyword.groovy:124)
	at com.kms.katalon.core.webui.keyword.builtin.TakeAreaScreenshotKeyword$_takeScreenshot_closure1.call(TakeAreaScreenshotKeyword.groovy)
	at com.kms.katalon.core.webui.keyword.internal.WebUIKeywordMain.runKeyword(WebUIKeywordMain.groovy:20)
	at com.kms.katalon.core.webui.keyword.builtin.TakeAreaScreenshotKeyword.takeScreenshot(TakeAreaScreenshotKeyword.groovy:123)
	at com.kms.katalon.core.webui.keyword.builtin.TakeAreaScreenshotKeyword.execute(TakeAreaScreenshotKeyword.groovy:81)
	at com.kms.katalon.core.keyword.internal.KeywordExecutor.executeKeywordForPlatform(KeywordExecutor.groovy:74)
	at com.kms.katalon.core.webui.keyword.WebUiBuiltInKeywords.takeAreaScreenshotAsCheckpoint(WebUiBuiltInKeywords.groovy:4001)
	at com.kms.katalon.core.webui.keyword.WebUiBuiltInKeywords$takeAreaScreenshotAsCheckpoint$2.call(Unknown Source)
	at Script1696964357675.run(Script1696964357675.groovy:24)
	... 16 more
)

2023-10-10 15:33:46 - [MESSAGE][FAILED] - Cannot take screenshot (Root cause: com.kms.katalon.core.exception.StepFailedException: Cannot take screenshot
	at com.kms.katalon.core.webui.keyword.internal.WebUIKeywordMain.stepFailed(WebUIKeywordMain.groovy:64)
	at com.kms.katalon.core.webui.keyword.internal.WebUIKeywordMain.runKeyword(WebUIKeywordMain.groovy:26)
	at com.kms.katalon.core.webui.keyword.builtin.TakeAreaScreenshotKeyword.takeScreenshot(TakeAreaScreenshotKeyword.groovy:123)
	at com.kms.katalon.core.webui.keyword.builtin.TakeAreaScreenshotKeyword.execute(TakeAreaScreenshotKeyword.groovy:81)
	at com.kms.katalon.core.keyword.internal.KeywordExecutor.executeKeywordForPlatform(KeywordExecutor.groovy:74)
	at com.kms.katalon.core.webui.keyword.WebUiBuiltInKeywords.takeAreaScreenshotAsCheckpoint(WebUiBuiltInKeywords.groovy:4001)
	at com.kms.katalon.core.webui.keyword.WebUiBuiltInKeywords$takeAreaScreenshotAsCheckpoint$2.call(Unknown Source)
	at VerifyHomePagePresent.run(VerifyHomePagePresent:24)
	at com.kms.katalon.core.main.ScriptEngine.run(ScriptEngine.java:194)
	at com.kms.katalon.core.main.ScriptEngine.runScriptAsRawText(ScriptEngine.java:119)
	at com.kms.katalon.core.main.TestCaseExecutor.runScript(TestCaseExecutor.java:448)
	at com.kms.katalon.core.main.TestCaseExecutor.doExecute(TestCaseExecutor.java:439)
	at com.kms.katalon.core.main.TestCaseExecutor.processExecutionPhase(TestCaseExecutor.java:418)
	at com.kms.katalon.core.main.TestCaseExecutor.accessMainPhase(TestCaseExecutor.java:410)
	at com.kms.katalon.core.main.TestCaseExecutor.execute(TestCaseExecutor.java:285)
	at com.kms.katalon.core.main.TestCaseExecutor.execute(TestCaseExecutor.java:369)
	at com.kms.katalon.core.main.TestCaseExecutor.execute(TestCaseExecutor.java:369)
	at com.kms.katalon.core.main.TestCaseExecutor.execute(TestCaseExecutor.java:369)
	at com.kms.katalon.core.common.CommonExecutor.accessTestCaseMainPhase(CommonExecutor.java:65)
	at com.kms.katalon.core.main.TestSuiteExecutor.accessTestSuiteMainPhase(TestSuiteExecutor.java:148)
	at com.kms.katalon.core.main.TestSuiteExecutor.execute(TestSuiteExecutor.java:106)
	at com.kms.katalon.core.main.TestCaseMain.startTestSuite(TestCaseMain.java:187)
	at com.kms.katalon.core.main.TestCaseMain$startTestSuite$0.call(Unknown Source)
	at TempTestSuite1696966406201.run(TempTestSuite1696966406201.groovy:36)
Caused by: java.lang.IllegalArgumentException: Captured area cannot be null
	at com.kms.katalon.core.webui.util.FileUtil.takeAreaScreenshot(FileUtil.java:125)
	at com.kms.katalon.core.webui.keyword.builtin.TakeAreaScreenshotKeyword$_takeScreenshot_closure1.doCall(TakeAreaScreenshotKeyword.groovy:124)
	at com.kms.katalon.core.webui.keyword.builtin.TakeAreaScreenshotKeyword$_takeScreenshot_closure1.call(TakeAreaScreenshotKeyword.groovy)
	at com.kms.katalon.core.webui.keyword.internal.WebUIKeywordMain.runKeyword(WebUIKeywordMain.groovy:20)
	at com.kms.katalon.core.webui.keyword.builtin.TakeAreaScreenshotKeyword.takeScreenshot(TakeAreaScreenshotKeyword.groovy:123)
	at com.kms.katalon.core.webui.keyword.builtin.TakeAreaScreenshotKeyword.execute(TakeAreaScreenshotKeyword.groovy:81)
	at com.kms.katalon.core.keyword.internal.KeywordExecutor.executeKeywordForPlatform(KeywordExecutor.groovy:74)
	at com.kms.katalon.core.webui.keyword.WebUiBuiltInKeywords.takeAreaScreenshotAsCheckpoint(WebUiBuiltInKeywords.groovy:4001)
	at com.kms.katalon.core.webui.keyword.WebUiBuiltInKeywords$takeAreaScreenshotAsCheckpoint$2.call(Unknown Source)
	at Script1696964357675.run(Script1696964357675.groovy:24)
	... 16 more
)]]></system-out>
         <system-err><![CDATA[2023-10-10 15:33:42 - [TEST_CASE][FAILED] - Test Cases/VerifyHomePagePresent: Test Cases/VerifyHomePagePresent FAILED.
Reason:
com.kms.katalon.core.exception.StepFailedException: Cannot take screenshot
	at com.kms.katalon.core.webui.keyword.internal.WebUIKeywordMain.stepFailed(WebUIKeywordMain.groovy:64)
	at com.kms.katalon.core.webui.keyword.internal.WebUIKeywordMain.runKeyword(WebUIKeywordMain.groovy:26)
	at com.kms.katalon.core.webui.keyword.builtin.TakeAreaScreenshotKeyword.takeScreenshot(TakeAreaScreenshotKeyword.groovy:123)
	at com.kms.katalon.core.webui.keyword.builtin.TakeAreaScreenshotKeyword.execute(TakeAreaScreenshotKeyword.groovy:81)
	at com.kms.katalon.core.keyword.internal.KeywordExecutor.executeKeywordForPlatform(KeywordExecutor.groovy:74)
	at com.kms.katalon.core.webui.keyword.WebUiBuiltInKeywords.takeAreaScreenshotAsCheckpoint(WebUiBuiltInKeywords.groovy:4001)
	at com.kms.katalon.core.webui.keyword.WebUiBuiltInKeywords$takeAreaScreenshotAsCheckpoint$2.call(Unknown Source)
	at VerifyHomePagePresent.run(VerifyHomePagePresent:24)
	at com.kms.katalon.core.main.ScriptEngine.run(ScriptEngine.java:194)
	at com.kms.katalon.core.main.ScriptEngine.runScriptAsRawText(ScriptEngine.java:119)
	at com.kms.katalon.core.main.TestCaseExecutor.runScript(TestCaseExecutor.java:448)
	at com.kms.katalon.core.main.TestCaseExecutor.doExecute(TestCaseExecutor.java:439)
	at com.kms.katalon.core.main.TestCaseExecutor.processExecutionPhase(TestCaseExecutor.java:418)
	at com.kms.katalon.core.main.TestCaseExecutor.accessMainPhase(TestCaseExecutor.java:410)
	at com.kms.katalon.core.main.TestCaseExecutor.execute(TestCaseExecutor.java:285)
	at com.kms.katalon.core.main.TestCaseExecutor.execute(TestCaseExecutor.java:369)
	at com.kms.katalon.core.main.TestCaseExecutor.execute(TestCaseExecutor.java:369)
	at com.kms.katalon.core.main.TestCaseExecutor.execute(TestCaseExecutor.java:369)
	at com.kms.katalon.core.common.CommonExecutor.accessTestCaseMainPhase(CommonExecutor.java:65)
	at com.kms.katalon.core.main.TestSuiteExecutor.accessTestSuiteMainPhase(TestSuiteExecutor.java:148)
	at com.kms.katalon.core.main.TestSuiteExecutor.execute(TestSuiteExecutor.java:106)
	at com.kms.katalon.core.main.TestCaseMain.startTestSuite(TestCaseMain.java:187)
	at com.kms.katalon.core.main.TestCaseMain$startTestSuite$0.call(Unknown Source)
	at TempTestSuite1696966406201.run(TempTestSuite1696966406201.groovy:36)
Caused by: java.lang.IllegalArgumentException: Captured area cannot be null
	at com.kms.katalon.core.webui.util.FileUtil.takeAreaScreenshot(FileUtil.java:125)
	at com.kms.katalon.core.webui.keyword.builtin.TakeAreaScreenshotKeyword$_takeScreenshot_closure1.doCall(TakeAreaScreenshotKeyword.groovy:124)
	at com.kms.katalon.core.webui.keyword.builtin.TakeAreaScreenshotKeyword$_takeScreenshot_closure1.call(TakeAreaScreenshotKeyword.groovy)
	at com.kms.katalon.core.webui.keyword.internal.WebUIKeywordMain.runKeyword(WebUIKeywordMain.groovy:20)
	... 22 more]]></system-err>
      </testcase>
      <testcase name="Test Cases/VerifyHomePageVisible" time="3.874" classname="Test Cases/VerifyHomePageVisible" status="FAILED">
         <failure type="FAILED" message="Test Cases/VerifyHomePageVisible FAILED.
Reason:
com.kms.katalon.core.exception.StepFailedException: Cannot take screenshot
	at com.kms.katalon.core.webui.keyword.internal.WebUIKeywordMain.stepFailed(WebUIKeywordMain.groovy:64)
	at com.kms.katalon.core.webui.keyword.internal.WebUIKeywordMain.runKeyword(WebUIKeywordMain.groovy:26)
	at com.kms.katalon.core.webui.keyword.builtin.TakeAreaScreenshotKeyword.takeScreenshot(TakeAreaScreenshotKeyword.groovy:123)
	at com.kms.katalon.core.webui.keyword.builtin.TakeAreaScreenshotKeyword.execute(TakeAreaScreenshotKeyword.groovy:81)
	at com.kms.katalon.core.keyword.internal.KeywordExecutor.executeKeywordForPlatform(KeywordExecutor.groovy:74)
	at com.kms.katalon.core.webui.keyword.WebUiBuiltInKeywords.takeAreaScreenshotAsCheckpoint(WebUiBuiltInKeywords.groovy:4001)
	at com.kms.katalon.core.webui.keyword.WebUiBuiltInKeywords$takeAreaScreenshotAsCheckpoint$2.call(Unknown Source)
	at VerifyHomePageVisible.run(VerifyHomePageVisible:24)
	at com.kms.katalon.core.main.ScriptEngine.run(ScriptEngine.java:194)
	at com.kms.katalon.core.main.ScriptEngine.runScriptAsRawText(ScriptEngine.java:119)
	at com.kms.katalon.core.main.TestCaseExecutor.runScript(TestCaseExecutor.java:448)
	at com.kms.katalon.core.main.TestCaseExecutor.doExecute(TestCaseExecutor.java:439)
	at com.kms.katalon.core.main.TestCaseExecutor.processExecutionPhase(TestCaseExecutor.java:418)
	at com.kms.katalon.core.main.TestCaseExecutor.accessMainPhase(TestCaseExecutor.java:410)
	at com.kms.katalon.core.main.TestCaseExecutor.execute(TestCaseExecutor.java:285)
	at com.kms.katalon.core.main.TestCaseExecutor.execute(TestCaseExecutor.java:369)
	at com.kms.katalon.core.main.TestCaseExecutor.execute(TestCaseExecutor.java:369)
	at com.kms.katalon.core.main.TestCaseExecutor.execute(TestCaseExecutor.java:369)
	at com.kms.katalon.core.common.CommonExecutor.accessTestCaseMainPhase(CommonExecutor.java:65)
	at com.kms.katalon.core.main.TestSuiteExecutor.accessTestSuiteMainPhase(TestSuiteExecutor.java:148)
	at com.kms.katalon.core.main.TestSuiteExecutor.execute(TestSuiteExecutor.java:106)
	at com.kms.katalon.core.main.TestCaseMain.startTestSuite(TestCaseMain.java:187)
	at com.kms.katalon.core.main.TestCaseMain$startTestSuite$0.call(Unknown Source)
	at TempTestSuite1696966406201.run(TempTestSuite1696966406201.groovy:36)
Caused by: java.lang.IllegalArgumentException: Captured area cannot be null
	at com.kms.katalon.core.webui.util.FileUtil.takeAreaScreenshot(FileUtil.java:125)
	at com.kms.katalon.core.webui.keyword.builtin.TakeAreaScreenshotKeyword$_takeScreenshot_closure1.doCall(TakeAreaScreenshotKeyword.groovy:124)
	at com.kms.katalon.core.webui.keyword.builtin.TakeAreaScreenshotKeyword$_takeScreenshot_closure1.call(TakeAreaScreenshotKeyword.groovy)
	at com.kms.katalon.core.webui.keyword.internal.WebUIKeywordMain.runKeyword(WebUIKeywordMain.groovy:20)
	... 22 more
"/>
         <system-out><![CDATA[2023-10-10 15:33:58 - [TEST_CASE][FAILED] - Test Cases/VerifyHomePageVisible: Test Cases/VerifyHomePageVisible FAILED.
Reason:
com.kms.katalon.core.exception.StepFailedException: Cannot take screenshot
	at com.kms.katalon.core.webui.keyword.internal.WebUIKeywordMain.stepFailed(WebUIKeywordMain.groovy:64)
	at com.kms.katalon.core.webui.keyword.internal.WebUIKeywordMain.runKeyword(WebUIKeywordMain.groovy:26)
	at com.kms.katalon.core.webui.keyword.builtin.TakeAreaScreenshotKeyword.takeScreenshot(TakeAreaScreenshotKeyword.groovy:123)
	at com.kms.katalon.core.webui.keyword.builtin.TakeAreaScreenshotKeyword.execute(TakeAreaScreenshotKeyword.groovy:81)
	at com.kms.katalon.core.keyword.internal.KeywordExecutor.executeKeywordForPlatform(KeywordExecutor.groovy:74)
	at com.kms.katalon.core.webui.keyword.WebUiBuiltInKeywords.takeAreaScreenshotAsCheckpoint(WebUiBuiltInKeywords.groovy:4001)
	at com.kms.katalon.core.webui.keyword.WebUiBuiltInKeywords$takeAreaScreenshotAsCheckpoint$2.call(Unknown Source)
	at VerifyHomePageVisible.run(VerifyHomePageVisible:24)
	at com.kms.katalon.core.main.ScriptEngine.run(ScriptEngine.java:194)
	at com.kms.katalon.core.main.ScriptEngine.runScriptAsRawText(ScriptEngine.java:119)
	at com.kms.katalon.core.main.TestCaseExecutor.runScript(TestCaseExecutor.java:448)
	at com.kms.katalon.core.main.TestCaseExecutor.doExecute(TestCaseExecutor.java:439)
	at com.kms.katalon.core.main.TestCaseExecutor.processExecutionPhase(TestCaseExecutor.java:418)
	at com.kms.katalon.core.main.TestCaseExecutor.accessMainPhase(TestCaseExecutor.java:410)
	at com.kms.katalon.core.main.TestCaseExecutor.execute(TestCaseExecutor.java:285)
	at com.kms.katalon.core.main.TestCaseExecutor.execute(TestCaseExecutor.java:369)
	at com.kms.katalon.core.main.TestCaseExecutor.execute(TestCaseExecutor.java:369)
	at com.kms.katalon.core.main.TestCaseExecutor.execute(TestCaseExecutor.java:369)
	at com.kms.katalon.core.common.CommonExecutor.accessTestCaseMainPhase(CommonExecutor.java:65)
	at com.kms.katalon.core.main.TestSuiteExecutor.accessTestSuiteMainPhase(TestSuiteExecutor.java:148)
	at com.kms.katalon.core.main.TestSuiteExecutor.execute(TestSuiteExecutor.java:106)
	at com.kms.katalon.core.main.TestCaseMain.startTestSuite(TestCaseMain.java:187)
	at com.kms.katalon.core.main.TestCaseMain$startTestSuite$0.call(Unknown Source)
	at TempTestSuite1696966406201.run(TempTestSuite1696966406201.groovy:36)
Caused by: java.lang.IllegalArgumentException: Captured area cannot be null
	at com.kms.katalon.core.webui.util.FileUtil.takeAreaScreenshot(FileUtil.java:125)
	at com.kms.katalon.core.webui.keyword.builtin.TakeAreaScreenshotKeyword$_takeScreenshot_closure1.doCall(TakeAreaScreenshotKeyword.groovy:124)
	at com.kms.katalon.core.webui.keyword.builtin.TakeAreaScreenshotKeyword$_takeScreenshot_closure1.call(TakeAreaScreenshotKeyword.groovy)
	at com.kms.katalon.core.webui.keyword.internal.WebUIKeywordMain.runKeyword(WebUIKeywordMain.groovy:20)
	... 22 more


2023-10-10 15:33:58 - [TEST_STEP][PASSED] - callTestCase(findTestCase("OpenToWebsite"), [:], STOP_ON_FAILURE): Call Test Case 'Test Cases/OpenToWebsite' successfully

2023-10-10 15:33:58 - [TEST_CASE][PASSED] - Test Cases/OpenToWebsite: Test Cases/OpenToWebsite

2023-10-10 15:33:58 - [TEST_STEP][PASSED] - openBrowser(""): Browser is opened with url: ''

2023-10-10 15:33:58 - [MESSAGE][WARNING] - A browser is already opened. Closing browser and opening a new one

2023-10-10 15:33:59 - [MESSAGE][INFO] - Starting 'Chrome' driver

2023-10-10 15:33:59 - [MESSAGE][INFO] - Action delay is set to 0 milliseconds

2023-10-10 15:34:01 - [MESSAGE][PASSED] - Browser is opened with url: ''

2023-10-10 15:34:01 - [TEST_STEP][PASSED] - navigateToUrl("http://demoaut.katalon.com/"): Navigate to 'http://demoaut.katalon.com/' successfully

2023-10-10 15:34:02 - [MESSAGE][PASSED] - Navigate to 'http://demoaut.katalon.com/' successfully

2023-10-10 15:34:02 - [MESSAGE][PASSED] - Call Test Case 'Test Cases/OpenToWebsite' successfully

2023-10-10 15:34:02 - [TEST_STEP][PASSED] - waitForPageLoad(0): Wait for page load successfully

2023-10-10 15:34:02 - [MESSAGE][WARNING] - Timeout '0' is invalid. Using default page load timeout: '30'

2023-10-10 15:34:02 - [MESSAGE][PASSED] - Wait for page load successfully

2023-10-10 15:34:02 - [TEST_STEP][FAILED] - takeAreaScreenshotAsCheckpoint("homepage", null): Cannot take screenshot (Root cause: com.kms.katalon.core.exception.StepFailedException: Cannot take screenshot
	at com.kms.katalon.core.webui.keyword.internal.WebUIKeywordMain.stepFailed(WebUIKeywordMain.groovy:64)
	at com.kms.katalon.core.webui.keyword.internal.WebUIKeywordMain.runKeyword(WebUIKeywordMain.groovy:26)
	at com.kms.katalon.core.webui.keyword.builtin.TakeAreaScreenshotKeyword.takeScreenshot(TakeAreaScreenshotKeyword.groovy:123)
	at com.kms.katalon.core.webui.keyword.builtin.TakeAreaScreenshotKeyword.execute(TakeAreaScreenshotKeyword.groovy:81)
	at com.kms.katalon.core.keyword.internal.KeywordExecutor.executeKeywordForPlatform(KeywordExecutor.groovy:74)
	at com.kms.katalon.core.webui.keyword.WebUiBuiltInKeywords.takeAreaScreenshotAsCheckpoint(WebUiBuiltInKeywords.groovy:4001)
	at com.kms.katalon.core.webui.keyword.WebUiBuiltInKeywords$takeAreaScreenshotAsCheckpoint$2.call(Unknown Source)
	at VerifyHomePageVisible.run(VerifyHomePageVisible:24)
	at com.kms.katalon.core.main.ScriptEngine.run(ScriptEngine.java:194)
	at com.kms.katalon.core.main.ScriptEngine.runScriptAsRawText(ScriptEngine.java:119)
	at com.kms.katalon.core.main.TestCaseExecutor.runScript(TestCaseExecutor.java:448)
	at com.kms.katalon.core.main.TestCaseExecutor.doExecute(TestCaseExecutor.java:439)
	at com.kms.katalon.core.main.TestCaseExecutor.processExecutionPhase(TestCaseExecutor.java:418)
	at com.kms.katalon.core.main.TestCaseExecutor.accessMainPhase(TestCaseExecutor.java:410)
	at com.kms.katalon.core.main.TestCaseExecutor.execute(TestCaseExecutor.java:285)
	at com.kms.katalon.core.main.TestCaseExecutor.execute(TestCaseExecutor.java:369)
	at com.kms.katalon.core.main.TestCaseExecutor.execute(TestCaseExecutor.java:369)
	at com.kms.katalon.core.main.TestCaseExecutor.execute(TestCaseExecutor.java:369)
	at com.kms.katalon.core.common.CommonExecutor.accessTestCaseMainPhase(CommonExecutor.java:65)
	at com.kms.katalon.core.main.TestSuiteExecutor.accessTestSuiteMainPhase(TestSuiteExecutor.java:148)
	at com.kms.katalon.core.main.TestSuiteExecutor.execute(TestSuiteExecutor.java:106)
	at com.kms.katalon.core.main.TestCaseMain.startTestSuite(TestCaseMain.java:187)
	at com.kms.katalon.core.main.TestCaseMain$startTestSuite$0.call(Unknown Source)
	at TempTestSuite1696966406201.run(TempTestSuite1696966406201.groovy:36)
Caused by: java.lang.IllegalArgumentException: Captured area cannot be null
	at com.kms.katalon.core.webui.util.FileUtil.takeAreaScreenshot(FileUtil.java:125)
	at com.kms.katalon.core.webui.keyword.builtin.TakeAreaScreenshotKeyword$_takeScreenshot_closure1.doCall(TakeAreaScreenshotKeyword.groovy:124)
	at com.kms.katalon.core.webui.keyword.builtin.TakeAreaScreenshotKeyword$_takeScreenshot_closure1.call(TakeAreaScreenshotKeyword.groovy)
	at com.kms.katalon.core.webui.keyword.internal.WebUIKeywordMain.runKeyword(WebUIKeywordMain.groovy:20)
	at com.kms.katalon.core.webui.keyword.builtin.TakeAreaScreenshotKeyword.takeScreenshot(TakeAreaScreenshotKeyword.groovy:123)
	at com.kms.katalon.core.webui.keyword.builtin.TakeAreaScreenshotKeyword.execute(TakeAreaScreenshotKeyword.groovy:81)
	at com.kms.katalon.core.keyword.internal.KeywordExecutor.executeKeywordForPlatform(KeywordExecutor.groovy:74)
	at com.kms.katalon.core.webui.keyword.WebUiBuiltInKeywords.takeAreaScreenshotAsCheckpoint(WebUiBuiltInKeywords.groovy:4001)
	at com.kms.katalon.core.webui.keyword.WebUiBuiltInKeywords$takeAreaScreenshotAsCheckpoint$2.call(Unknown Source)
	at Script1696964262817.run(Script1696964262817.groovy:24)
	... 16 more
)

2023-10-10 15:34:02 - [MESSAGE][FAILED] - Cannot take screenshot (Root cause: com.kms.katalon.core.exception.StepFailedException: Cannot take screenshot
	at com.kms.katalon.core.webui.keyword.internal.WebUIKeywordMain.stepFailed(WebUIKeywordMain.groovy:64)
	at com.kms.katalon.core.webui.keyword.internal.WebUIKeywordMain.runKeyword(WebUIKeywordMain.groovy:26)
	at com.kms.katalon.core.webui.keyword.builtin.TakeAreaScreenshotKeyword.takeScreenshot(TakeAreaScreenshotKeyword.groovy:123)
	at com.kms.katalon.core.webui.keyword.builtin.TakeAreaScreenshotKeyword.execute(TakeAreaScreenshotKeyword.groovy:81)
	at com.kms.katalon.core.keyword.internal.KeywordExecutor.executeKeywordForPlatform(KeywordExecutor.groovy:74)
	at com.kms.katalon.core.webui.keyword.WebUiBuiltInKeywords.takeAreaScreenshotAsCheckpoint(WebUiBuiltInKeywords.groovy:4001)
	at com.kms.katalon.core.webui.keyword.WebUiBuiltInKeywords$takeAreaScreenshotAsCheckpoint$2.call(Unknown Source)
	at VerifyHomePageVisible.run(VerifyHomePageVisible:24)
	at com.kms.katalon.core.main.ScriptEngine.run(ScriptEngine.java:194)
	at com.kms.katalon.core.main.ScriptEngine.runScriptAsRawText(ScriptEngine.java:119)
	at com.kms.katalon.core.main.TestCaseExecutor.runScript(TestCaseExecutor.java:448)
	at com.kms.katalon.core.main.TestCaseExecutor.doExecute(TestCaseExecutor.java:439)
	at com.kms.katalon.core.main.TestCaseExecutor.processExecutionPhase(TestCaseExecutor.java:418)
	at com.kms.katalon.core.main.TestCaseExecutor.accessMainPhase(TestCaseExecutor.java:410)
	at com.kms.katalon.core.main.TestCaseExecutor.execute(TestCaseExecutor.java:285)
	at com.kms.katalon.core.main.TestCaseExecutor.execute(TestCaseExecutor.java:369)
	at com.kms.katalon.core.main.TestCaseExecutor.execute(TestCaseExecutor.java:369)
	at com.kms.katalon.core.main.TestCaseExecutor.execute(TestCaseExecutor.java:369)
	at com.kms.katalon.core.common.CommonExecutor.accessTestCaseMainPhase(CommonExecutor.java:65)
	at com.kms.katalon.core.main.TestSuiteExecutor.accessTestSuiteMainPhase(TestSuiteExecutor.java:148)
	at com.kms.katalon.core.main.TestSuiteExecutor.execute(TestSuiteExecutor.java:106)
	at com.kms.katalon.core.main.TestCaseMain.startTestSuite(TestCaseMain.java:187)
	at com.kms.katalon.core.main.TestCaseMain$startTestSuite$0.call(Unknown Source)
	at TempTestSuite1696966406201.run(TempTestSuite1696966406201.groovy:36)
Caused by: java.lang.IllegalArgumentException: Captured area cannot be null
	at com.kms.katalon.core.webui.util.FileUtil.takeAreaScreenshot(FileUtil.java:125)
	at com.kms.katalon.core.webui.keyword.builtin.TakeAreaScreenshotKeyword$_takeScreenshot_closure1.doCall(TakeAreaScreenshotKeyword.groovy:124)
	at com.kms.katalon.core.webui.keyword.builtin.TakeAreaScreenshotKeyword$_takeScreenshot_closure1.call(TakeAreaScreenshotKeyword.groovy)
	at com.kms.katalon.core.webui.keyword.internal.WebUIKeywordMain.runKeyword(WebUIKeywordMain.groovy:20)
	at com.kms.katalon.core.webui.keyword.builtin.TakeAreaScreenshotKeyword.takeScreenshot(TakeAreaScreenshotKeyword.groovy:123)
	at com.kms.katalon.core.webui.keyword.builtin.TakeAreaScreenshotKeyword.execute(TakeAreaScreenshotKeyword.groovy:81)
	at com.kms.katalon.core.keyword.internal.KeywordExecutor.executeKeywordForPlatform(KeywordExecutor.groovy:74)
	at com.kms.katalon.core.webui.keyword.WebUiBuiltInKeywords.takeAreaScreenshotAsCheckpoint(WebUiBuiltInKeywords.groovy:4001)
	at com.kms.katalon.core.webui.keyword.WebUiBuiltInKeywords$takeAreaScreenshotAsCheckpoint$2.call(Unknown Source)
	at Script1696964262817.run(Script1696964262817.groovy:24)
	... 16 more
)]]></system-out>
         <system-err><![CDATA[2023-10-10 15:33:58 - [TEST_CASE][FAILED] - Test Cases/VerifyHomePageVisible: Test Cases/VerifyHomePageVisible FAILED.
Reason:
com.kms.katalon.core.exception.StepFailedException: Cannot take screenshot
	at com.kms.katalon.core.webui.keyword.internal.WebUIKeywordMain.stepFailed(WebUIKeywordMain.groovy:64)
	at com.kms.katalon.core.webui.keyword.internal.WebUIKeywordMain.runKeyword(WebUIKeywordMain.groovy:26)
	at com.kms.katalon.core.webui.keyword.builtin.TakeAreaScreenshotKeyword.takeScreenshot(TakeAreaScreenshotKeyword.groovy:123)
	at com.kms.katalon.core.webui.keyword.builtin.TakeAreaScreenshotKeyword.execute(TakeAreaScreenshotKeyword.groovy:81)
	at com.kms.katalon.core.keyword.internal.KeywordExecutor.executeKeywordForPlatform(KeywordExecutor.groovy:74)
	at com.kms.katalon.core.webui.keyword.WebUiBuiltInKeywords.takeAreaScreenshotAsCheckpoint(WebUiBuiltInKeywords.groovy:4001)
	at com.kms.katalon.core.webui.keyword.WebUiBuiltInKeywords$takeAreaScreenshotAsCheckpoint$2.call(Unknown Source)
	at VerifyHomePageVisible.run(VerifyHomePageVisible:24)
	at com.kms.katalon.core.main.ScriptEngine.run(ScriptEngine.java:194)
	at com.kms.katalon.core.main.ScriptEngine.runScriptAsRawText(ScriptEngine.java:119)
	at com.kms.katalon.core.main.TestCaseExecutor.runScript(TestCaseExecutor.java:448)
	at com.kms.katalon.core.main.TestCaseExecutor.doExecute(TestCaseExecutor.java:439)
	at com.kms.katalon.core.main.TestCaseExecutor.processExecutionPhase(TestCaseExecutor.java:418)
	at com.kms.katalon.core.main.TestCaseExecutor.accessMainPhase(TestCaseExecutor.java:410)
	at com.kms.katalon.core.main.TestCaseExecutor.execute(TestCaseExecutor.java:285)
	at com.kms.katalon.core.main.TestCaseExecutor.execute(TestCaseExecutor.java:369)
	at com.kms.katalon.core.main.TestCaseExecutor.execute(TestCaseExecutor.java:369)
	at com.kms.katalon.core.main.TestCaseExecutor.execute(TestCaseExecutor.java:369)
	at com.kms.katalon.core.common.CommonExecutor.accessTestCaseMainPhase(CommonExecutor.java:65)
	at com.kms.katalon.core.main.TestSuiteExecutor.accessTestSuiteMainPhase(TestSuiteExecutor.java:148)
	at com.kms.katalon.core.main.TestSuiteExecutor.execute(TestSuiteExecutor.java:106)
	at com.kms.katalon.core.main.TestCaseMain.startTestSuite(TestCaseMain.java:187)
	at com.kms.katalon.core.main.TestCaseMain$startTestSuite$0.call(Unknown Source)
	at TempTestSuite1696966406201.run(TempTestSuite1696966406201.groovy:36)
Caused by: java.lang.IllegalArgumentException: Captured area cannot be null
	at com.kms.katalon.core.webui.util.FileUtil.takeAreaScreenshot(FileUtil.java:125)
	at com.kms.katalon.core.webui.keyword.builtin.TakeAreaScreenshotKeyword$_takeScreenshot_closure1.doCall(TakeAreaScreenshotKeyword.groovy:124)
	at com.kms.katalon.core.webui.keyword.builtin.TakeAreaScreenshotKeyword$_takeScreenshot_closure1.call(TakeAreaScreenshotKeyword.groovy)
	at com.kms.katalon.core.webui.keyword.internal.WebUIKeywordMain.runKeyword(WebUIKeywordMain.groovy:20)
	... 22 more]]></system-err>
      </testcase>
      <system-out><![CDATA[2023-10-10 15:33:29 - [TEST_SUITE][FAILED] - VerifyElements: Test Cases/VerifyHomePagePresent FAILED.
Reason:
com.kms.katalon.core.exception.StepFailedException: Cannot take screenshot
	at com.kms.katalon.core.webui.keyword.internal.WebUIKeywordMain.stepFailed(WebUIKeywordMain.groovy:64)
	at com.kms.katalon.core.webui.keyword.internal.WebUIKeywordMain.runKeyword(WebUIKeywordMain.groovy:26)
	at com.kms.katalon.core.webui.keyword.builtin.TakeAreaScreenshotKeyword.takeScreenshot(TakeAreaScreenshotKeyword.groovy:123)
	at com.kms.katalon.core.webui.keyword.builtin.TakeAreaScreenshotKeyword.execute(TakeAreaScreenshotKeyword.groovy:81)
	at com.kms.katalon.core.keyword.internal.KeywordExecutor.executeKeywordForPlatform(KeywordExecutor.groovy:74)
	at com.kms.katalon.core.webui.keyword.WebUiBuiltInKeywords.takeAreaScreenshotAsCheckpoint(WebUiBuiltInKeywords.groovy:4001)
	at com.kms.katalon.core.webui.keyword.WebUiBuiltInKeywords$takeAreaScreenshotAsCheckpoint$2.call(Unknown Source)
	at VerifyHomePagePresent.run(VerifyHomePagePresent:24)
	at com.kms.katalon.core.main.ScriptEngine.run(ScriptEngine.java:194)
	at com.kms.katalon.core.main.ScriptEngine.runScriptAsRawText(ScriptEngine.java:119)
	at com.kms.katalon.core.main.TestCaseExecutor.runScript(TestCaseExecutor.java:448)
	at com.kms.katalon.core.main.TestCaseExecutor.doExecute(TestCaseExecutor.java:439)
	at com.kms.katalon.core.main.TestCaseExecutor.processExecutionPhase(TestCaseExecutor.java:418)
	at com.kms.katalon.core.main.TestCaseExecutor.accessMainPhase(TestCaseExecutor.java:410)
	at com.kms.katalon.core.main.TestCaseExecutor.execute(TestCaseExecutor.java:285)
	at com.kms.katalon.core.common.CommonExecutor.accessTestCaseMainPhase(CommonExecutor.java:65)
	at com.kms.katalon.core.main.TestSuiteExecutor.accessTestSuiteMainPhase(TestSuiteExecutor.java:148)
	at com.kms.katalon.core.main.TestSuiteExecutor.execute(TestSuiteExecutor.java:106)
	at com.kms.katalon.core.main.TestCaseMain.startTestSuite(TestCaseMain.java:187)
	at com.kms.katalon.core.main.TestCaseMain$startTestSuite$0.call(Unknown Source)
	at TempTestSuite1696966406201.run(TempTestSuite1696966406201.groovy:36)
Caused by: java.lang.IllegalArgumentException: Captured area cannot be null
	at com.kms.katalon.core.webui.util.FileUtil.takeAreaScreenshot(FileUtil.java:125)
	at com.kms.katalon.core.webui.keyword.builtin.TakeAreaScreenshotKeyword$_takeScreenshot_closure1.doCall(TakeAreaScreenshotKeyword.groovy:124)
	at com.kms.katalon.core.webui.keyword.builtin.TakeAreaScreenshotKeyword$_takeScreenshot_closure1.call(TakeAreaScreenshotKeyword.groovy)
	at com.kms.katalon.core.webui.keyword.internal.WebUIKeywordMain.runKeyword(WebUIKeywordMain.groovy:20)
	... 19 more]]></system-out>
      <system-err><![CDATA[2023-10-10 15:33:29 - [TEST_SUITE][FAILED] - VerifyElements: Test Cases/VerifyHomePagePresent FAILED.
Reason:
com.kms.katalon.core.exception.StepFailedException: Cannot take screenshot
	at com.kms.katalon.core.webui.keyword.internal.WebUIKeywordMain.stepFailed(WebUIKeywordMain.groovy:64)
	at com.kms.katalon.core.webui.keyword.internal.WebUIKeywordMain.runKeyword(WebUIKeywordMain.groovy:26)
	at com.kms.katalon.core.webui.keyword.builtin.TakeAreaScreenshotKeyword.takeScreenshot(TakeAreaScreenshotKeyword.groovy:123)
	at com.kms.katalon.core.webui.keyword.builtin.TakeAreaScreenshotKeyword.execute(TakeAreaScreenshotKeyword.groovy:81)
	at com.kms.katalon.core.keyword.internal.KeywordExecutor.executeKeywordForPlatform(KeywordExecutor.groovy:74)
	at com.kms.katalon.core.webui.keyword.WebUiBuiltInKeywords.takeAreaScreenshotAsCheckpoint(WebUiBuiltInKeywords.groovy:4001)
	at com.kms.katalon.core.webui.keyword.WebUiBuiltInKeywords$takeAreaScreenshotAsCheckpoint$2.call(Unknown Source)
	at VerifyHomePagePresent.run(VerifyHomePagePresent:24)
	at com.kms.katalon.core.main.ScriptEngine.run(ScriptEngine.java:194)
	at com.kms.katalon.core.main.ScriptEngine.runScriptAsRawText(ScriptEngine.java:119)
	at com.kms.katalon.core.main.TestCaseExecutor.runScript(TestCaseExecutor.java:448)
	at com.kms.katalon.core.main.TestCaseExecutor.doExecute(TestCaseExecutor.java:439)
	at com.kms.katalon.core.main.TestCaseExecutor.processExecutionPhase(TestCaseExecutor.java:418)
	at com.kms.katalon.core.main.TestCaseExecutor.accessMainPhase(TestCaseExecutor.java:410)
	at com.kms.katalon.core.main.TestCaseExecutor.execute(TestCaseExecutor.java:285)
	at com.kms.katalon.core.common.CommonExecutor.accessTestCaseMainPhase(CommonExecutor.java:65)
	at com.kms.katalon.core.main.TestSuiteExecutor.accessTestSuiteMainPhase(TestSuiteExecutor.java:148)
	at com.kms.katalon.core.main.TestSuiteExecutor.execute(TestSuiteExecutor.java:106)
	at com.kms.katalon.core.main.TestCaseMain.startTestSuite(TestCaseMain.java:187)
	at com.kms.katalon.core.main.TestCaseMain$startTestSuite$0.call(Unknown Source)
	at TempTestSuite1696966406201.run(TempTestSuite1696966406201.groovy:36)
Caused by: java.lang.IllegalArgumentException: Captured area cannot be null
	at com.kms.katalon.core.webui.util.FileUtil.takeAreaScreenshot(FileUtil.java:125)
	at com.kms.katalon.core.webui.keyword.builtin.TakeAreaScreenshotKeyword$_takeScreenshot_closure1.doCall(TakeAreaScreenshotKeyword.groovy:124)
	at com.kms.katalon.core.webui.keyword.builtin.TakeAreaScreenshotKeyword$_takeScreenshot_closure1.call(TakeAreaScreenshotKeyword.groovy)
	at com.kms.katalon.core.webui.keyword.internal.WebUIKeywordMain.runKeyword(WebUIKeywordMain.groovy:20)
	... 19 more]]></system-err>
   </testsuite>
</testsuites>
